DEPRECATION WARNING: config.action_view.debug_rjs will be removed in 3.1, from 3.1 onwards you will need to install prototype-rails to continue to use RJS templates . (called from <top (required)> at /home/code/peer/bootstrap_server/config/environment.rb:5)
DEPRECATION WARNING: You are using the old router DSL which will be removed in Rails 3.1. Please check how to update your routes file at: http://www.engineyard.com/blog/2010/the-lowdown-on-routes-in-rails-3/. (called from <top (required)> at /home/code/peer/bootstrap_server/config/routes.rb:1)
DEPRECATION WARNING: You are using the old router DSL which will be removed in Rails 3.1. Please check how to update your routes file at: http://www.engineyard.com/blog/2010/the-lowdown-on-routes-in-rails-3/. (called from <top (required)> at /home/code/peer/bootstrap_server/config/routes.rb:1)

Errno::EACCES (Permission denied - /home/code/peer/bootstrap_server/public/stylesheets/active_admin.css):
  

DEPRECATION WARNING: config.action_view.debug_rjs will be removed in 3.1, from 3.1 onwards you will need to install prototype-rails to continue to use RJS templates . (called from <top (required)> at /home/code/peer/bootstrap_server/config/environment.rb:5)
DEPRECATION WARNING: You are using the old router DSL which will be removed in Rails 3.1. Please check how to update your routes file at: http://www.engineyard.com/blog/2010/the-lowdown-on-routes-in-rails-3/. (called from <top (required)> at /home/code/peer/bootstrap_server/config/routes.rb:1)
DEPRECATION WARNING: You are using the old router DSL which will be removed in Rails 3.1. Please check how to update your routes file at: http://www.engineyard.com/blog/2010/the-lowdown-on-routes-in-rails-3/. (called from <top (required)> at /home/code/peer/bootstrap_server/config/routes.rb:1)

ActiveRecord::StatementInvalid (SQLite3::SQLException: no such table: items: SELECT "items".* FROM "items"):
  app/controllers/pages_controller.rb:5:in `home'

DEPRECATION WARNING: config.action_view.debug_rjs will be removed in 3.1, from 3.1 onwards you will need to install prototype-rails to continue to use RJS templates . (called from <top (required)> at /home/code/peer/bootstrap_server/config/environment.rb:5)
DEPRECATION WARNING: You are using the old router DSL which will be removed in Rails 3.1. Please check how to update your routes file at: http://www.engineyard.com/blog/2010/the-lowdown-on-routes-in-rails-3/. (called from <top (required)> at /home/code/peer/bootstrap_server/config/routes.rb:1)
DEPRECATION WARNING: You are using the old router DSL which will be removed in Rails 3.1. Please check how to update your routes file at: http://www.engineyard.com/blog/2010/the-lowdown-on-routes-in-rails-3/. (called from <top (required)> at /home/code/peer/bootstrap_server/config/routes.rb:1)
DEPRECATION WARNING: config.action_view.debug_rjs will be removed in 3.1, from 3.1 onwards you will need to install prototype-rails to continue to use RJS templates . (called from <top (required)> at /home/code/peer/bootstrap_server/config/environment.rb:5)
DEPRECATION WARNING: You are using the old router DSL which will be removed in Rails 3.1. Please check how to update your routes file at: http://www.engineyard.com/blog/2010/the-lowdown-on-routes-in-rails-3/. (called from <top (required)> at /home/code/peer/bootstrap_server/config/routes.rb:1)
DEPRECATION WARNING: You are using the old router DSL which will be removed in Rails 3.1. Please check how to update your routes file at: http://www.engineyard.com/blog/2010/the-lowdown-on-routes-in-rails-3/. (called from <top (required)> at /home/code/peer/bootstrap_server/config/routes.rb:1)

ActionView::Template::Error (Called id for nil, which would mistakenly be 4 -- if you really wanted the id of nil, use object_id):
    6:       <h5>General Categories</h5>
    7:        <ul>
    8:         <li class="active"><%= link_to "All Items", items_path %></li>
    9:         <li class="active"><%= link_to "Books", items_path(:browse=>Category.find_by_name("Books").id) %></li>
    10:         <li class="active"><%= link_to "Music", items_path(:browse=>Category.find_by_name("Music").id) %></li>
    11:         <li class="active"><%= link_to "Movies", items_path(:browse=>Category.find_by_name("Movies").id) %></li>
    12:       </ul>
  app/views/pages/categories.html.erb:9:in `_app_views_pages_categories_html_erb__49390831_98602900_896640780'
  app/views/layouts/application.html.erb:34:in `_app_views_layouts_application_html_erb__706568393_98719940_896640780'

DEPRECATION WARNING: config.action_view.debug_rjs will be removed in 3.1, from 3.1 onwards you will need to install prototype-rails to continue to use RJS templates . (called from <top (required)> at /home/code/peer/bootstrap_server/config/environment.rb:5)
DEPRECATION WARNING: You are using the old router DSL which will be removed in Rails 3.1. Please check how to update your routes file at: http://www.engineyard.com/blog/2010/the-lowdown-on-routes-in-rails-3/. (called from <top (required)> at /home/code/peer/bootstrap_server/config/routes.rb:1)
DEPRECATION WARNING: You are using the old router DSL which will be removed in Rails 3.1. Please check how to update your routes file at: http://www.engineyard.com/blog/2010/the-lowdown-on-routes-in-rails-3/. (called from <top (required)> at /home/code/peer/bootstrap_server/config/routes.rb:1)

ActionView::Template::Error (Called id for nil, which would mistakenly be 4 -- if you really wanted the id of nil, use object_id):
    12:       </ul>
    13:       <h5>Electronics</h5>
    14:       <ul>
    15:         <li class="active"><%= link_to "Computers", items_path(:browse=>Category.find_by_name("Computers").id) %></li>
    16:         <li class="active"><%= link_to "Mobile", items_path(:browse=>Category.find_by_name("Mobile").id) %></li>
    17:         <li class="active"><%= link_to "Home", items_path(:browse=>Category.find_by_name("Home").id) %></li>
    18:         <li class="active"><%= link_to "Cameras", items_path(:browse=>Category.find_by_name("Cameras").id) %></li>
  app/views/pages/categories.html.erb:15:in `_app_views_pages_categories_html_erb___916165616_105373740__343812050'
  app/views/layouts/application.html.erb:34:in `_app_views_layouts_application_html_erb__904135713_105461330__343812050'


ActionView::Template::Error (Called id for nil, which would mistakenly be 4 -- if you really wanted the id of nil, use object_id):
    20:       </ul>
    21:       <h5>Fashion</h5>
    22:       <ul>
    23:         <li class="active"><%= link_to "Men", items_path(:browse=>Category.find_by_name("Men").id) %></li>
    24:         <li class="active"><%= link_to "Women", items_path(:browse=>Category.find_by_name("Women").id) %></li>
    25:         <li class="active"><%= link_to "Kids", items_path(:browse=>Category.find_by_name("Kids").id) %></li>
    26:       </ul>
  app/views/pages/categories.html.erb:23:in `_app_views_pages_categories_html_erb___916165616_107288690__343812050'
  app/views/layouts/application.html.erb:34:in `_app_views_layouts_application_html_erb__904135713_87099090__343812050'


ActionView::Template::Error (You have a nil object when you didn't expect it!
You might have expected an instance of Array.
The error occurred while evaluating nil.each):
    25: 
    26:   </p>
    27: <% end %>
    28: <% @tests.each do |test| %>
    29: You are now connected to <%= test.ipAddress %>
    30: <br>
    31: <% server = XMLRPC::Client.new("127.0.0.1","/RPC2",8080) %>
  app/views/items/index.html.erb:28:in `_app_views_items_index_html_erb___506207031_105490000__343812050'
  app/controllers/items_controller.rb:22:in `index'

DEPRECATION WARNING: config.action_view.debug_rjs will be removed in 3.1, from 3.1 onwards you will need to install prototype-rails to continue to use RJS templates . (called from <top (required)> at /home/code/peer/bootstrap_server/config/environment.rb:5)
DEPRECATION WARNING: You are using the old router DSL which will be removed in Rails 3.1. Please check how to update your routes file at: http://www.engineyard.com/blog/2010/the-lowdown-on-routes-in-rails-3/. (called from <top (required)> at /home/code/peer/bootstrap_server/config/routes.rb:1)
DEPRECATION WARNING: You are using the old router DSL which will be removed in Rails 3.1. Please check how to update your routes file at: http://www.engineyard.com/blog/2010/the-lowdown-on-routes-in-rails-3/. (called from <top (required)> at /home/code/peer/bootstrap_server/config/routes.rb:1)
DEPRECATION WARNING: config.action_view.debug_rjs will be removed in 3.1, from 3.1 onwards you will need to install prototype-rails to continue to use RJS templates . (called from <top (required)> at /home/code/peer/bootstrap_server/config/environment.rb:5)
DEPRECATION WARNING: You are using the old router DSL which will be removed in Rails 3.1. Please check how to update your routes file at: http://www.engineyard.com/blog/2010/the-lowdown-on-routes-in-rails-3/. (called from <top (required)> at /home/code/peer/bootstrap_server/config/routes.rb:1)
DEPRECATION WARNING: You are using the old router DSL which will be removed in Rails 3.1. Please check how to update your routes file at: http://www.engineyard.com/blog/2010/the-lowdown-on-routes-in-rails-3/. (called from <top (required)> at /home/code/peer/bootstrap_server/config/routes.rb:1)

ActionController::RoutingError (No route matches "/pages/categories.html"):
  

DEPRECATION WARNING: config.action_view.debug_rjs will be removed in 3.1, from 3.1 onwards you will need to install prototype-rails to continue to use RJS templates . (called from <top (required)> at /home/code/peer/bootstrap_server/config/environment.rb:5)
DEPRECATION WARNING: You are using the old router DSL which will be removed in Rails 3.1. Please check how to update your routes file at: http://www.engineyard.com/blog/2010/the-lowdown-on-routes-in-rails-3/. (called from <top (required)> at /home/code/peer/bootstrap_server/config/routes.rb:1)
DEPRECATION WARNING: You are using the old router DSL which will be removed in Rails 3.1. Please check how to update your routes file at: http://www.engineyard.com/blog/2010/the-lowdown-on-routes-in-rails-3/. (called from <top (required)> at /home/code/peer/bootstrap_server/config/routes.rb:1)
DEPRECATION WARNING: config.action_view.debug_rjs will be removed in 3.1, from 3.1 onwards you will need to install prototype-rails to continue to use RJS templates . (called from <top (required)> at /home/code/peer/bootstrap_server/config/environment.rb:5)
DEPRECATION WARNING: You are using the old router DSL which will be removed in Rails 3.1. Please check how to update your routes file at: http://www.engineyard.com/blog/2010/the-lowdown-on-routes-in-rails-3/. (called from <top (required)> at /home/code/peer/bootstrap_server/config/routes.rb:1)
DEPRECATION WARNING: You are using the old router DSL which will be removed in Rails 3.1. Please check how to update your routes file at: http://www.engineyard.com/blog/2010/the-lowdown-on-routes-in-rails-3/. (called from <top (required)> at /home/code/peer/bootstrap_server/config/routes.rb:1)

ActiveRecord::RecordNotFound (Couldn't find Category with ID=display):
  app/controllers/categories_controller.rb:16:in `show'

DEPRECATION WARNING: config.action_view.debug_rjs will be removed in 3.1, from 3.1 onwards you will need to install prototype-rails to continue to use RJS templates . (called from <top (required)> at /home/code/peer/bootstrap_server/config/environment.rb:5)
DEPRECATION WARNING: You are using the old router DSL which will be removed in Rails 3.1. Please check how to update your routes file at: http://www.engineyard.com/blog/2010/the-lowdown-on-routes-in-rails-3/. (called from <top (required)> at /home/code/peer/bootstrap_server/config/routes.rb:1)
DEPRECATION WARNING: You are using the old router DSL which will be removed in Rails 3.1. Please check how to update your routes file at: http://www.engineyard.com/blog/2010/the-lowdown-on-routes-in-rails-3/. (called from <top (required)> at /home/code/peer/bootstrap_server/config/routes.rb:1)

ActiveRecord::RecordNotFound (Couldn't find Category with ID=display):
  app/controllers/categories_controller.rb:16:in `show'


ActiveRecord::RecordNotFound (Couldn't find Category with ID=display):
  app/controllers/categories_controller.rb:16:in `show'

DEPRECATION WARNING: config.action_view.debug_rjs will be removed in 3.1, from 3.1 onwards you will need to install prototype-rails to continue to use RJS templates . (called from <top (required)> at /home/code/peer/bootstrap_server/config/environment.rb:5)
DEPRECATION WARNING: You are using the old router DSL which will be removed in Rails 3.1. Please check how to update your routes file at: http://www.engineyard.com/blog/2010/the-lowdown-on-routes-in-rails-3/. (called from <top (required)> at /home/code/peer/bootstrap_server/config/routes.rb:1)
DEPRECATION WARNING: You are using the old router DSL which will be removed in Rails 3.1. Please check how to update your routes file at: http://www.engineyard.com/blog/2010/the-lowdown-on-routes-in-rails-3/. (called from <top (required)> at /home/code/peer/bootstrap_server/config/routes.rb:1)

ActiveRecord::RecordNotFound (Couldn't find Category with ID=display):
  app/controllers/categories_controller.rb:16:in `show'

DEPRECATION WARNING: config.action_view.debug_rjs will be removed in 3.1, from 3.1 onwards you will need to install prototype-rails to continue to use RJS templates . (called from <top (required)> at /home/code/peer/bootstrap_server/config/environment.rb:5)
DEPRECATION WARNING: You are using the old router DSL which will be removed in Rails 3.1. Please check how to update your routes file at: http://www.engineyard.com/blog/2010/the-lowdown-on-routes-in-rails-3/. (called from <top (required)> at /home/code/peer/bootstrap_server/config/routes.rb:1)
DEPRECATION WARNING: You are using the old router DSL which will be removed in Rails 3.1. Please check how to update your routes file at: http://www.engineyard.com/blog/2010/the-lowdown-on-routes-in-rails-3/. (called from <top (required)> at /home/code/peer/bootstrap_server/config/routes.rb:1)

ActiveRecord::RecordNotFound (Couldn't find Category with ID=display):
  app/controllers/categories_controller.rb:16:in `show'

DEPRECATION WARNING: config.action_view.debug_rjs will be removed in 3.1, from 3.1 onwards you will need to install prototype-rails to continue to use RJS templates . (called from <top (required)> at /home/code/peer/bootstrap_server/config/environment.rb:5)
DEPRECATION WARNING: You are using the old router DSL which will be removed in Rails 3.1. Please check how to update your routes file at: http://www.engineyard.com/blog/2010/the-lowdown-on-routes-in-rails-3/. (called from <top (required)> at /home/code/peer/bootstrap_server/config/routes.rb:1)
DEPRECATION WARNING: You are using the old router DSL which will be removed in Rails 3.1. Please check how to update your routes file at: http://www.engineyard.com/blog/2010/the-lowdown-on-routes-in-rails-3/. (called from <top (required)> at /home/code/peer/bootstrap_server/config/routes.rb:1)
DEPRECATION WARNING: config.action_view.debug_rjs will be removed in 3.1, from 3.1 onwards you will need to install prototype-rails to continue to use RJS templates . (called from <top (required)> at /home/code/peer/bootstrap_server/config/environment.rb:5)
DEPRECATION WARNING: You are using the old router DSL which will be removed in Rails 3.1. Please check how to update your routes file at: http://www.engineyard.com/blog/2010/the-lowdown-on-routes-in-rails-3/. (called from <top (required)> at /home/code/peer/bootstrap_server/config/routes.rb:1)
DEPRECATION WARNING: You are using the old router DSL which will be removed in Rails 3.1. Please check how to update your routes file at: http://www.engineyard.com/blog/2010/the-lowdown-on-routes-in-rails-3/. (called from <top (required)> at /home/code/peer/bootstrap_server/config/routes.rb:1)

SyntaxError (/home/code/peer/bootstrap_server/app/controllers/categories_controller.rb:94: syntax error, unexpected keyword_end, expecting $end):
  

DEPRECATION WARNING: config.action_view.debug_rjs will be removed in 3.1, from 3.1 onwards you will need to install prototype-rails to continue to use RJS templates . (called from <top (required)> at /home/code/peer/bootstrap_server/config/environment.rb:5)
DEPRECATION WARNING: You are using the old router DSL which will be removed in Rails 3.1. Please check how to update your routes file at: http://www.engineyard.com/blog/2010/the-lowdown-on-routes-in-rails-3/. (called from <top (required)> at /home/code/peer/bootstrap_server/config/routes.rb:1)
DEPRECATION WARNING: You are using the old router DSL which will be removed in Rails 3.1. Please check how to update your routes file at: http://www.engineyard.com/blog/2010/the-lowdown-on-routes-in-rails-3/. (called from <top (required)> at /home/code/peer/bootstrap_server/config/routes.rb:1)

ActiveRecord::RecordNotFound (Couldn't find Category with ID=display):
  app/controllers/categories_controller.rb:16:in `show'

DEPRECATION WARNING: config.action_view.debug_rjs will be removed in 3.1, from 3.1 onwards you will need to install prototype-rails to continue to use RJS templates . (called from <top (required)> at /home/code/peer/bootstrap_server/config/environment.rb:5)
DEPRECATION WARNING: config.action_view.debug_rjs will be removed in 3.1, from 3.1 onwards you will need to install prototype-rails to continue to use RJS templates . (called from <top (required)> at /home/code/peer/bootstrap_server/config/environment.rb:5)
DEPRECATION WARNING: You are using the old router DSL which will be removed in Rails 3.1. Please check how to update your routes file at: http://www.engineyard.com/blog/2010/the-lowdown-on-routes-in-rails-3/. (called from <top (required)> at /home/code/peer/bootstrap_server/config/routes.rb:1)
DEPRECATION WARNING: You are using the old router DSL which will be removed in Rails 3.1. Please check how to update your routes file at: http://www.engineyard.com/blog/2010/the-lowdown-on-routes-in-rails-3/. (called from <top (required)> at /home/code/peer/bootstrap_server/config/routes.rb:1)
DEPRECATION WARNING: config.action_view.debug_rjs will be removed in 3.1, from 3.1 onwards you will need to install prototype-rails to continue to use RJS templates . (called from <top (required)> at /home/code/peer/bootstrap_server/config/environment.rb:5)
DEPRECATION WARNING: You are using the old router DSL which will be removed in Rails 3.1. Please check how to update your routes file at: http://www.engineyard.com/blog/2010/the-lowdown-on-routes-in-rails-3/. (called from <top (required)> at /home/code/peer/bootstrap_server/config/routes.rb:1)
DEPRECATION WARNING: You are using the old router DSL which will be removed in Rails 3.1. Please check how to update your routes file at: http://www.engineyard.com/blog/2010/the-lowdown-on-routes-in-rails-3/. (called from <top (required)> at /home/code/peer/bootstrap_server/config/routes.rb:1)
DEPRECATION WARNING: config.action_view.debug_rjs will be removed in 3.1, from 3.1 onwards you will need to install prototype-rails to continue to use RJS templates . (called from <top (required)> at /home/code/peer/bootstrap_server/config/environment.rb:5)
DEPRECATION WARNING: You are using the old router DSL which will be removed in Rails 3.1. Please check how to update your routes file at: http://www.engineyard.com/blog/2010/the-lowdown-on-routes-in-rails-3/. (called from <top (required)> at /home/code/peer/bootstrap_server/config/routes.rb:1)
DEPRECATION WARNING: You are using the old router DSL which will be removed in Rails 3.1. Please check how to update your routes file at: http://www.engineyard.com/blog/2010/the-lowdown-on-routes-in-rails-3/. (called from <top (required)> at /home/code/peer/bootstrap_server/config/routes.rb:1)

ActionView::Template::Error (Missing partial layouts/header with {:handlers=>[:erb, :rjs, :builder, :rhtml, :rxml, :arb], :formats=>[:html], :locale=>[:en, :en]} in view paths "/home/code/peer/bootstrap_server/app/views", "/var/lib/gems/1.9.1/gems/activeadmin-0.3.4/app/views", "/var/lib/gems/1.9.1/gems/kaminari-0.12.4/app/views", "/var/lib/gems/1.9.1/gems/devise-1.5.0/app/views"):
    13:   <div class="topbar">
    14:     <div class="fill">
    15:       <div class="container">
    16:         <%= render 'layouts/header' %>
    17:       </div>
    18:     </div>
    19:   </div>
  app/views/layouts/application.html.erb:16:in `_app_views_layouts_application_html_erb__279318053_112949650_40521340'

DEPRECATION WARNING: config.action_view.debug_rjs will be removed in 3.1, from 3.1 onwards you will need to install prototype-rails to continue to use RJS templates . (called from <top (required)> at /home/code/peer/bootstrap_server/config/environment.rb:5)
DEPRECATION WARNING: You are using the old router DSL which will be removed in Rails 3.1. Please check how to update your routes file at: http://www.engineyard.com/blog/2010/the-lowdown-on-routes-in-rails-3/. (called from <top (required)> at /home/code/peer/bootstrap_server/config/routes.rb:1)
DEPRECATION WARNING: You are using the old router DSL which will be removed in Rails 3.1. Please check how to update your routes file at: http://www.engineyard.com/blog/2010/the-lowdown-on-routes-in-rails-3/. (called from <top (required)> at /home/code/peer/bootstrap_server/config/routes.rb:1)
DEPRECATION WARNING: config.action_view.debug_rjs will be removed in 3.1, from 3.1 onwards you will need to install prototype-rails to continue to use RJS templates . (called from <top (required)> at /home/code/peer/bootstrap_server/config/environment.rb:5)
DEPRECATION WARNING: You are using the old router DSL which will be removed in Rails 3.1. Please check how to update your routes file at: http://www.engineyard.com/blog/2010/the-lowdown-on-routes-in-rails-3/. (called from <top (required)> at /home/code/peer/bootstrap_server/config/routes.rb:1)
DEPRECATION WARNING: You are using the old router DSL which will be removed in Rails 3.1. Please check how to update your routes file at: http://www.engineyard.com/blog/2010/the-lowdown-on-routes-in-rails-3/. (called from <top (required)> at /home/code/peer/bootstrap_server/config/routes.rb:1)
DEPRECATION WARNING: config.action_view.debug_rjs will be removed in 3.1, from 3.1 onwards you will need to install prototype-rails to continue to use RJS templates . (called from <top (required)> at /home/code/peer/bootstrap_server/config/environment.rb:5)
DEPRECATION WARNING: You are using the old router DSL which will be removed in Rails 3.1. Please check how to update your routes file at: http://www.engineyard.com/blog/2010/the-lowdown-on-routes-in-rails-3/. (called from <top (required)> at /home/code/peer/bootstrap_server/config/routes.rb:1)
DEPRECATION WARNING: You are using the old router DSL which will be removed in Rails 3.1. Please check how to update your routes file at: http://www.engineyard.com/blog/2010/the-lowdown-on-routes-in-rails-3/. (called from <top (required)> at /home/code/peer/bootstrap_server/config/routes.rb:1)
DEPRECATION WARNING: config.action_view.debug_rjs will be removed in 3.1, from 3.1 onwards you will need to install prototype-rails to continue to use RJS templates . (called from <top (required)> at /home/code/peer/bootstrap_server/config/environment.rb:5)
DEPRECATION WARNING: You are using the old router DSL which will be removed in Rails 3.1. Please check how to update your routes file at: http://www.engineyard.com/blog/2010/the-lowdown-on-routes-in-rails-3/. (called from <top (required)> at /home/code/peer/bootstrap_server/config/routes.rb:1)
DEPRECATION WARNING: You are using the old router DSL which will be removed in Rails 3.1. Please check how to update your routes file at: http://www.engineyard.com/blog/2010/the-lowdown-on-routes-in-rails-3/. (called from <top (required)> at /home/code/peer/bootstrap_server/config/routes.rb:1)
DEPRECATION WARNING: config.action_view.debug_rjs will be removed in 3.1, from 3.1 onwards you will need to install prototype-rails to continue to use RJS templates . (called from <top (required)> at /home/code/peer/bootstrap_server/config/environment.rb:5)
DEPRECATION WARNING: You are using the old router DSL which will be removed in Rails 3.1. Please check how to update your routes file at: http://www.engineyard.com/blog/2010/the-lowdown-on-routes-in-rails-3/. (called from <top (required)> at /home/code/peer/bootstrap_server/config/routes.rb:1)
DEPRECATION WARNING: You are using the old router DSL which will be removed in Rails 3.1. Please check how to update your routes file at: http://www.engineyard.com/blog/2010/the-lowdown-on-routes-in-rails-3/. (called from <top (required)> at /home/code/peer/bootstrap_server/config/routes.rb:1)

ActionView::Template::Error (You have a nil object when you didn't expect it!
You might have expected an instance of Array.
The error occurred while evaluating nil.each):
    25: 
    26:   </p>
    27: <% end %>
    28: <% @tests.each do |test| %>
    29: You are now connected to <%= test.ipAddress %>
    30: <br>
    31: <% server = XMLRPC::Client.new("127.0.0.1","/RPC2",8080) %>
  app/views/items/index.html.erb:28:in `_app_views_items_index_html_erb__1053050710_114388930__405683055'
  app/controllers/items_controller.rb:22:in `index'

DEPRECATION WARNING: config.action_view.debug_rjs will be removed in 3.1, from 3.1 onwards you will need to install prototype-rails to continue to use RJS templates . (called from <top (required)> at /home/code/peer/bootstrap_server/config/environment.rb:5)
DEPRECATION WARNING: You are using the old router DSL which will be removed in Rails 3.1. Please check how to update your routes file at: http://www.engineyard.com/blog/2010/the-lowdown-on-routes-in-rails-3/. (called from <top (required)> at /home/code/peer/bootstrap_server/config/routes.rb:1)
DEPRECATION WARNING: You are using the old router DSL which will be removed in Rails 3.1. Please check how to update your routes file at: http://www.engineyard.com/blog/2010/the-lowdown-on-routes-in-rails-3/. (called from <top (required)> at /home/code/peer/bootstrap_server/config/routes.rb:1)

ActionView::Template::Error (You have a nil object when you didn't expect it!
You might have expected an instance of Array.
The error occurred while evaluating nil.each):
    25: 
    26:   </p>
    27: <% end %>
    28: <% @tests.each do |test| %>
    29: You are now connected to <%= test.ipAddress %>
    30: <br>
    31: <% server = XMLRPC::Client.new("127.0.0.1","/RPC2",8080) %>
  app/views/items/index.html.erb:28:in `_app_views_items_index_html_erb__198147936_113496330__978057642'
  app/controllers/items_controller.rb:22:in `index'

DEPRECATION WARNING: config.action_view.debug_rjs will be removed in 3.1, from 3.1 onwards you will need to install prototype-rails to continue to use RJS templates . (called from <top (required)> at /home/code/peer/bootstrap_server/config/environment.rb:5)
DEPRECATION WARNING: You are using the old router DSL which will be removed in Rails 3.1. Please check how to update your routes file at: http://www.engineyard.com/blog/2010/the-lowdown-on-routes-in-rails-3/. (called from <top (required)> at /home/code/peer/bootstrap_server/config/routes.rb:1)
DEPRECATION WARNING: You are using the old router DSL which will be removed in Rails 3.1. Please check how to update your routes file at: http://www.engineyard.com/blog/2010/the-lowdown-on-routes-in-rails-3/. (called from <top (required)> at /home/code/peer/bootstrap_server/config/routes.rb:1)

ActionView::Template::Error (You have a nil object when you didn't expect it!
You might have expected an instance of Array.
The error occurred while evaluating nil.each):
    6: }
    7: </script>
    8: <table>
    9: <% @categories.each do |category| %>
    10:   <tr>
    11:     <td><a href='#' onclick="messageParent(<%= category.name %>)"><%= category.name %></a> </td>
    12:   </tr>
  app/views/categories/display.html.erb:9:in `_app_views_categories_display_html_erb__680186792_101110470_867601393'


ActionView::Template::Error (You have a nil object when you didn't expect it!
You might have expected an instance of Array.
The error occurred while evaluating nil.each):
    6: }
    7: </script>
    8: <table>
    9: <% @categories.each do |category| %>
    10:   <tr>
    11:     <td><a href='#' onclick="messageParent(<%= category.name %>)"><%= category.name %></a> </td>
    12:   </tr>
  app/views/categories/display.html.erb:9:in `_app_views_categories_display_html_erb__680186792_100634340_867601393'

DEPRECATION WARNING: config.action_view.debug_rjs will be removed in 3.1, from 3.1 onwards you will need to install prototype-rails to continue to use RJS templates . (called from <top (required)> at /home/code/peer/bootstrap_server/config/environment.rb:5)
DEPRECATION WARNING: You are using the old router DSL which will be removed in Rails 3.1. Please check how to update your routes file at: http://www.engineyard.com/blog/2010/the-lowdown-on-routes-in-rails-3/. (called from <top (required)> at /home/code/peer/bootstrap_server/config/routes.rb:1)
DEPRECATION WARNING: You are using the old router DSL which will be removed in Rails 3.1. Please check how to update your routes file at: http://www.engineyard.com/blog/2010/the-lowdown-on-routes-in-rails-3/. (called from <top (required)> at /home/code/peer/bootstrap_server/config/routes.rb:1)
DEPRECATION WARNING: config.action_view.debug_rjs will be removed in 3.1, from 3.1 onwards you will need to install prototype-rails to continue to use RJS templates . (called from <top (required)> at /home/code/peer/bootstrap_server/config/environment.rb:5)
DEPRECATION WARNING: You are using the old router DSL which will be removed in Rails 3.1. Please check how to update your routes file at: http://www.engineyard.com/blog/2010/the-lowdown-on-routes-in-rails-3/. (called from <top (required)> at /home/code/peer/bootstrap_server/config/routes.rb:1)
DEPRECATION WARNING: You are using the old router DSL which will be removed in Rails 3.1. Please check how to update your routes file at: http://www.engineyard.com/blog/2010/the-lowdown-on-routes-in-rails-3/. (called from <top (required)> at /home/code/peer/bootstrap_server/config/routes.rb:1)
DEPRECATION WARNING: config.action_view.debug_rjs will be removed in 3.1, from 3.1 onwards you will need to install prototype-rails to continue to use RJS templates . (called from <top (required)> at /home/code/peer/bootstrap_server/config/environment.rb:5)
DEPRECATION WARNING: You are using the old router DSL which will be removed in Rails 3.1. Please check how to update your routes file at: http://www.engineyard.com/blog/2010/the-lowdown-on-routes-in-rails-3/. (called from <top (required)> at /home/code/peer/bootstrap_server/config/routes.rb:1)
DEPRECATION WARNING: You are using the old router DSL which will be removed in Rails 3.1. Please check how to update your routes file at: http://www.engineyard.com/blog/2010/the-lowdown-on-routes-in-rails-3/. (called from <top (required)> at /home/code/peer/bootstrap_server/config/routes.rb:1)
DEPRECATION WARNING: config.action_view.debug_rjs will be removed in 3.1, from 3.1 onwards you will need to install prototype-rails to continue to use RJS templates . (called from <top (required)> at /home/code/peer/bootstrap_server/config/environment.rb:5)
DEPRECATION WARNING: You are using the old router DSL which will be removed in Rails 3.1. Please check how to update your routes file at: http://www.engineyard.com/blog/2010/the-lowdown-on-routes-in-rails-3/. (called from <top (required)> at /home/code/peer/bootstrap_server/config/routes.rb:1)
DEPRECATION WARNING: You are using the old router DSL which will be removed in Rails 3.1. Please check how to update your routes file at: http://www.engineyard.com/blog/2010/the-lowdown-on-routes-in-rails-3/. (called from <top (required)> at /home/code/peer/bootstrap_server/config/routes.rb:1)
DEPRECATION WARNING: config.action_view.debug_rjs will be removed in 3.1, from 3.1 onwards you will need to install prototype-rails to continue to use RJS templates . (called from <top (required)> at /home/code/peer/bootstrap_server/config/environment.rb:5)
DEPRECATION WARNING: You are using the old router DSL which will be removed in Rails 3.1. Please check how to update your routes file at: http://www.engineyard.com/blog/2010/the-lowdown-on-routes-in-rails-3/. (called from <top (required)> at /home/code/peer/bootstrap_server/config/routes.rb:1)
DEPRECATION WARNING: You are using the old router DSL which will be removed in Rails 3.1. Please check how to update your routes file at: http://www.engineyard.com/blog/2010/the-lowdown-on-routes-in-rails-3/. (called from <top (required)> at /home/code/peer/bootstrap_server/config/routes.rb:1)
DEPRECATION WARNING: config.action_view.debug_rjs will be removed in 3.1, from 3.1 onwards you will need to install prototype-rails to continue to use RJS templates . (called from <top (required)> at /home/code/peer/bootstrap_server/config/environment.rb:5)
DEPRECATION WARNING: You are using the old router DSL which will be removed in Rails 3.1. Please check how to update your routes file at: http://www.engineyard.com/blog/2010/the-lowdown-on-routes-in-rails-3/. (called from <top (required)> at /home/code/peer/bootstrap_server/config/routes.rb:1)
DEPRECATION WARNING: You are using the old router DSL which will be removed in Rails 3.1. Please check how to update your routes file at: http://www.engineyard.com/blog/2010/the-lowdown-on-routes-in-rails-3/. (called from <top (required)> at /home/code/peer/bootstrap_server/config/routes.rb:1)
DEPRECATION WARNING: config.action_view.debug_rjs will be removed in 3.1, from 3.1 onwards you will need to install prototype-rails to continue to use RJS templates . (called from <top (required)> at /home/code/peer/bootstrap_server/config/environment.rb:5)
DEPRECATION WARNING: You are using the old router DSL which will be removed in Rails 3.1. Please check how to update your routes file at: http://www.engineyard.com/blog/2010/the-lowdown-on-routes-in-rails-3/. (called from <top (required)> at /home/code/peer/bootstrap_server/config/routes.rb:1)
DEPRECATION WARNING: You are using the old router DSL which will be removed in Rails 3.1. Please check how to update your routes file at: http://www.engineyard.com/blog/2010/the-lowdown-on-routes-in-rails-3/. (called from <top (required)> at /home/code/peer/bootstrap_server/config/routes.rb:1)

ActionView::Template::Error (/home/code/peer/bootstrap_server/app/views/categories/index.html.erb:19: syntax error, unexpected keyword_ensure, expecting $end):
    16: <% end %>
    17: </table>
  app/controllers/categories_controller.rb:7:in `index'


ActionView::Template::Error (undefined method `first_or_create' for []:ActiveRecord::Relation):
    1: <script type="text/javascript">
    2: function messageParent(url, ip)
    3: {
    4:         <% CategoryMembers.where(:ipAddress => 'ip', :category => 'url').first_or_create(:ipAddress => 'ip', :category => 'url')%>
    5:         alert('<%= clientIP %>');
    6: 
    7: 	window.parent.postMessage(url, '*');
  app/views/categories/index.html.erb:4:in `_app_views_categories_index_html_erb__215820140_114726740_975418861'
  app/controllers/categories_controller.rb:7:in `index'


ActionView::Template::Error (undefined local variable or method `category' for #<#<Class:0xb958174>:0xb94991c>):
    4:         <% CategoryMembers.create(:ipAddress => 'ip', :category => 'url')%>
    5:         alert('<%= clientIP %>');
    6: 
    7: 	window.parent.postMessage(url, '*');
    8: }
    9: </script>
    10: <table>
  app/views/categories/index.html.erb:7:in `clientIP'
  app/views/categories/index.html.erb:5:in `_app_views_categories_index_html_erb__215820140_97142560_975418861'
  app/controllers/categories_controller.rb:7:in `index'

DEPRECATION WARNING: config.action_view.debug_rjs will be removed in 3.1, from 3.1 onwards you will need to install prototype-rails to continue to use RJS templates . (called from <top (required)> at /home/code/peer/bootstrap_server/config/environment.rb:5)
DEPRECATION WARNING: You are using the old router DSL which will be removed in Rails 3.1. Please check how to update your routes file at: http://www.engineyard.com/blog/2010/the-lowdown-on-routes-in-rails-3/. (called from <top (required)> at /home/code/peer/bootstrap_server/config/routes.rb:1)
DEPRECATION WARNING: You are using the old router DSL which will be removed in Rails 3.1. Please check how to update your routes file at: http://www.engineyard.com/blog/2010/the-lowdown-on-routes-in-rails-3/. (called from <top (required)> at /home/code/peer/bootstrap_server/config/routes.rb:1)
DEPRECATION WARNING: config.action_view.debug_rjs will be removed in 3.1, from 3.1 onwards you will need to install prototype-rails to continue to use RJS templates . (called from <top (required)> at /home/code/peer/bootstrap_server/config/environment.rb:5)
DEPRECATION WARNING: You are using the old router DSL which will be removed in Rails 3.1. Please check how to update your routes file at: http://www.engineyard.com/blog/2010/the-lowdown-on-routes-in-rails-3/. (called from <top (required)> at /home/code/peer/bootstrap_server/config/routes.rb:1)
DEPRECATION WARNING: You are using the old router DSL which will be removed in Rails 3.1. Please check how to update your routes file at: http://www.engineyard.com/blog/2010/the-lowdown-on-routes-in-rails-3/. (called from <top (required)> at /home/code/peer/bootstrap_server/config/routes.rb:1)

ActionView::Template::Error (undefined local variable or method `category' for #<#<Class:0xd40c060>:0xd40952c>):
    4:         <% CategoryMembers.create(:ipAddress => 'ip', :category => 'url')%>
    5:         alert('<%= clientIP %>');
    6: 
    7: 	window.parent.postMessage(url, '*');
    8: }
    9: </script>
    10: <table>
  app/views/categories/index.html.erb:7:in `clientIP'
  app/views/categories/index.html.erb:5:in `_app_views_categories_index_html_erb__215820140_111166260_975418861'
  app/controllers/categories_controller.rb:7:in `index'


ActionView::Template::Error (undefined local variable or method `category' for #<#<Class:0xdb34090>:0xdb3303c>):
    4:         <% CategoryMembers.create(:ipAddress => 'ip', :category => 'url')%>
    5:         alert('<%= clientIP %>');
    6: 
    7: 	window.parent.postMessage(url, '*');
    8: }
    9: </script>
    10: <table>
  app/views/categories/index.html.erb:7:in `clientIP'
  app/views/categories/index.html.erb:5:in `_app_views_categories_index_html_erb__215820140_114860870_975418861'
  app/controllers/categories_controller.rb:7:in `index'


ActionController::RoutingError (No route matches "/doCategory"):
  


ActiveRecord::RecordNotFound (Couldn't find Category with ID=doCategory):
  app/controllers/categories_controller.rb:24:in `show'


ActionController::RoutingError (No route matches "/doCategory"):
  


ActiveRecord::RecordNotFound (Couldn't find Category with ID=doCategory):
  app/controllers/categories_controller.rb:24:in `show'


ActiveRecord::RecordNotFound (Couldn't find Category with ID=doCategory):
  app/controllers/categories_controller.rb:24:in `show'


ActiveRecord::RecordNotFound (Couldn't find Category with ID=doCategory):
  app/controllers/categories_controller.rb:24:in `show'


ActiveRecord::RecordNotFound (Couldn't find Category with ID=show):
  app/controllers/categories_controller.rb:24:in `show'


ActiveRecord::RecordNotFound (Couldn't find Category with ID=show):
  app/controllers/categories_controller.rb:24:in `show'


ActiveRecord::RecordNotFound (Couldn't find Category with ID=edit):
  app/controllers/categories_controller.rb:24:in `show'


ActionController::RoutingError (No route matches "/category/edit"):
  

DEPRECATION WARNING: You are using the old router DSL which will be removed in Rails 3.1. Please check how to update your routes file at: http://www.engineyard.com/blog/2010/the-lowdown-on-routes-in-rails-3/. (called from <top (required)> at /home/code/peer/bootstrap_server/config/routes.rb:1)

NoMethodError (undefined method `doCategory' for #<Class:0xd3b12b4>):
  app/controllers/categories_controller.rb:13:in `doCategory'


ActionView::Template::Error (/home/code/peer/bootstrap_server/app/views/categories/doCategory.html.erb:1: syntax error, unexpected tCONSTANT, expecting ')'
...ss => 'request.env['REMOTE_ADDR']', :category => 'params[:br...
...                               ^
/home/code/peer/bootstrap_server/app/views/categories/doCategory.html.erb:1: syntax error, unexpected ')', expecting keyword_end):
    1: <% CategoryMembers.create(:ipAddress => 'request.env['REMOTE_ADDR']', :category => 'params[:browse]')%>
    2: 
    3: <script>
    4: window.parent.postMessage(<%= params[:browse] %>, '*');
  app/controllers/categories_controller.rb:14:in `doCategory'

DEPRECATION WARNING: config.action_view.debug_rjs will be removed in 3.1, from 3.1 onwards you will need to install prototype-rails to continue to use RJS templates . (called from <top (required)> at /home/code/peer/bootstrap_server/config/environment.rb:5)
DEPRECATION WARNING: You are using the old router DSL which will be removed in Rails 3.1. Please check how to update your routes file at: http://www.engineyard.com/blog/2010/the-lowdown-on-routes-in-rails-3/. (called from <top (required)> at /home/code/peer/bootstrap_server/config/routes.rb:1)
DEPRECATION WARNING: You are using the old router DSL which will be removed in Rails 3.1. Please check how to update your routes file at: http://www.engineyard.com/blog/2010/the-lowdown-on-routes-in-rails-3/. (called from <top (required)> at /home/code/peer/bootstrap_server/config/routes.rb:1)

ActionView::Template::Error (/home/code/peer/bootstrap_server/app/views/categories/doCategory.html.erb:5: syntax error, unexpected '<', expecting keyword_end
<script>
 ^
/home/code/peer/bootstrap_server/app/views/categories/doCategory.html.erb:6: syntax error, unexpected $undefined, expecting ')'
... ;@output_buffer.safe_concat('\', \'*\');
...                               ^
/home/code/peer/bootstrap_server/app/views/categories/doCategory.html.erb:8: syntax error, unexpected ')', expecting keyword_end
');@output_buffer.to_s
  ^):
    2: 
    3: <!-- round robin code goes here -->
    4: <% CategoryMembers.query("select * from category_members where category = ? order by updated_at asc limit 1");
    5: <script>
    6: window.parent.postMessage('<%= params[:url] %>', '*');
    7: </script>
  app/controllers/categories_controller.rb:14:in `doCategory'


ActionView::Template::Error (undefined method `query' for #<Class:0xa577074>):
    1: <% CategoryMembers.create(:ipAddress => request.env['REMOTE_ADDR'], :category => params[:url])%>
    2: 
    3: <!-- round robin code goes here -->
    4: <% CategoryMembers.query("select * from category_members where category = ? order by updated_at asc limit 1", params[:url]); %>
    5: <script>
    6: window.parent.postMessage('<%= params[:url] %>', '*');
    7: </script>
  app/views/categories/doCategory.html.erb:4:in `_app_views_categories_do_ategory_html_erb___608894068_87784990_805671677'
  app/controllers/categories_controller.rb:14:in `doCategory'


ActionView::Template::Error (undefined method `updated_at=' for nil:NilClass):
    5: 
    6: <!-- pick IP addresses round robin style by oldest updated_at -->
    7: <% myvar = CategoryMembers.where("category = ?", params[:url]).order("updated_at asc").first; %>
    8: <% myvar.updated_at = DateTime.now  %>
    9: <% myvar.save %>
    10: 
    11: 
  app/views/categories/doCategory.html.erb:8:in `_app_views_categories_do_ategory_html_erb___608894068_102630710_805671677'
  app/controllers/categories_controller.rb:14:in `doCategory'

DEPRECATION WARNING: config.action_view.debug_rjs will be removed in 3.1, from 3.1 onwards you will need to install prototype-rails to continue to use RJS templates . (called from <top (required)> at /home/code/peer/bootstrap_server/config/environment.rb:5)
DEPRECATION WARNING: You are using the old router DSL which will be removed in Rails 3.1. Please check how to update your routes file at: http://www.engineyard.com/blog/2010/the-lowdown-on-routes-in-rails-3/. (called from <top (required)> at /home/code/peer/bootstrap_server/config/routes.rb:1)
DEPRECATION WARNING: You are using the old router DSL which will be removed in Rails 3.1. Please check how to update your routes file at: http://www.engineyard.com/blog/2010/the-lowdown-on-routes-in-rails-3/. (called from <top (required)> at /home/code/peer/bootstrap_server/config/routes.rb:1)
DEPRECATION WARNING: config.action_view.debug_rjs will be removed in 3.1, from 3.1 onwards you will need to install prototype-rails to continue to use RJS templates . (called from <top (required)> at /home/code/peer/bootstrap_server/config/environment.rb:5)
DEPRECATION WARNING: You are using the old router DSL which will be removed in Rails 3.1. Please check how to update your routes file at: http://www.engineyard.com/blog/2010/the-lowdown-on-routes-in-rails-3/. (called from <top (required)> at /home/code/peer/bootstrap_server/config/routes.rb:1)
DEPRECATION WARNING: You are using the old router DSL which will be removed in Rails 3.1. Please check how to update your routes file at: http://www.engineyard.com/blog/2010/the-lowdown-on-routes-in-rails-3/. (called from <top (required)> at /home/code/peer/bootstrap_server/config/routes.rb:1)

ActionController::RoutingError (No route matches "/confirmation"):
  

DEPRECATION WARNING: config.action_view.debug_rjs will be removed in 3.1, from 3.1 onwards you will need to install prototype-rails to continue to use RJS templates . (called from <top (required)> at /home/naveen/Distributed/bestbay/bootstrap_server/config/environment.rb:5)
DEPRECATION WARNING: You are using the old router DSL which will be removed in Rails 3.1. Please check how to update your routes file at: http://www.engineyard.com/blog/2010/the-lowdown-on-routes-in-rails-3/. (called from <top (required)> at /home/naveen/Distributed/bestbay/bootstrap_server/config/routes.rb:1)
DEPRECATION WARNING: You are using the old router DSL which will be removed in Rails 3.1. Please check how to update your routes file at: http://www.engineyard.com/blog/2010/the-lowdown-on-routes-in-rails-3/. (called from <top (required)> at /home/naveen/Distributed/bestbay/bootstrap_server/config/routes.rb:1)
DEPRECATION WARNING: config.action_view.debug_rjs will be removed in 3.1, from 3.1 onwards you will need to install prototype-rails to continue to use RJS templates . (called from <top (required)> at /home/naveen/Distributed/bestbay/bootstrap_server/config/environment.rb:5)
DEPRECATION WARNING: You are using the old router DSL which will be removed in Rails 3.1. Please check how to update your routes file at: http://www.engineyard.com/blog/2010/the-lowdown-on-routes-in-rails-3/. (called from <top (required)> at /home/naveen/Distributed/bestbay/bootstrap_server/config/routes.rb:1)
DEPRECATION WARNING: You are using the old router DSL which will be removed in Rails 3.1. Please check how to update your routes file at: http://www.engineyard.com/blog/2010/the-lowdown-on-routes-in-rails-3/. (called from <top (required)> at /home/naveen/Distributed/bestbay/bootstrap_server/config/routes.rb:1)
DEPRECATION WARNING: config.action_view.debug_rjs will be removed in 3.1, from 3.1 onwards you will need to install prototype-rails to continue to use RJS templates . (called from <top (required)> at /home/naveen/Distributed/bestbay/bootstrap_server/config/environment.rb:5)
DEPRECATION WARNING: You are using the old router DSL which will be removed in Rails 3.1. Please check how to update your routes file at: http://www.engineyard.com/blog/2010/the-lowdown-on-routes-in-rails-3/. (called from <top (required)> at /home/naveen/Distributed/bestbay/bootstrap_server/config/routes.rb:1)
DEPRECATION WARNING: You are using the old router DSL which will be removed in Rails 3.1. Please check how to update your routes file at: http://www.engineyard.com/blog/2010/the-lowdown-on-routes-in-rails-3/. (called from <top (required)> at /home/naveen/Distributed/bestbay/bootstrap_server/config/routes.rb:1)
DEPRECATION WARNING: config.action_view.debug_rjs will be removed in 3.1, from 3.1 onwards you will need to install prototype-rails to continue to use RJS templates . (called from <top (required)> at /home/naveen/Distributed/bestbay/bootstrap_server/config/environment.rb:5)
DEPRECATION WARNING: You are using the old router DSL which will be removed in Rails 3.1. Please check how to update your routes file at: http://www.engineyard.com/blog/2010/the-lowdown-on-routes-in-rails-3/. (called from <top (required)> at /home/naveen/Distributed/bestbay/bootstrap_server/config/routes.rb:1)
DEPRECATION WARNING: You are using the old router DSL which will be removed in Rails 3.1. Please check how to update your routes file at: http://www.engineyard.com/blog/2010/the-lowdown-on-routes-in-rails-3/. (called from <top (required)> at /home/naveen/Distributed/bestbay/bootstrap_server/config/routes.rb:1)
DEPRECATION WARNING: config.action_view.debug_rjs will be removed in 3.1, from 3.1 onwards you will need to install prototype-rails to continue to use RJS templates . (called from <top (required)> at /home/naveen/Distributed/bestbay/bootstrap_server/config/environment.rb:5)
DEPRECATION WARNING: You are using the old router DSL which will be removed in Rails 3.1. Please check how to update your routes file at: http://www.engineyard.com/blog/2010/the-lowdown-on-routes-in-rails-3/. (called from <top (required)> at /home/naveen/Distributed/bestbay/bootstrap_server/config/routes.rb:1)
DEPRECATION WARNING: You are using the old router DSL which will be removed in Rails 3.1. Please check how to update your routes file at: http://www.engineyard.com/blog/2010/the-lowdown-on-routes-in-rails-3/. (called from <top (required)> at /home/naveen/Distributed/bestbay/bootstrap_server/config/routes.rb:1)
DEPRECATION WARNING: config.action_view.debug_rjs will be removed in 3.1, from 3.1 onwards you will need to install prototype-rails to continue to use RJS templates . (called from <top (required)> at /home/naveen/Distributed/bestbay/bootstrap_server/config/environment.rb:5)
DEPRECATION WARNING: You are using the old router DSL which will be removed in Rails 3.1. Please check how to update your routes file at: http://www.engineyard.com/blog/2010/the-lowdown-on-routes-in-rails-3/. (called from <top (required)> at /home/naveen/Distributed/bestbay/bootstrap_server/config/routes.rb:1)
DEPRECATION WARNING: You are using the old router DSL which will be removed in Rails 3.1. Please check how to update your routes file at: http://www.engineyard.com/blog/2010/the-lowdown-on-routes-in-rails-3/. (called from <top (required)> at /home/naveen/Distributed/bestbay/bootstrap_server/config/routes.rb:1)
